<?xml version="1.0" encoding="UTF-8"?>
<testng-results ignored="0" total="2" passed="2" failed="0" skipped="0">
  <reporter-output>
  </reporter-output>
  <suite started-at="2023-03-30T16:29:05 IST" name="Default suite" finished-at="2023-03-30T16:29:05 IST" duration-ms="86">
    <groups>
    </groups>
    <test started-at="2023-03-30T16:29:05 IST" name="Default test" finished-at="2023-03-30T16:29:05 IST" duration-ms="86">
      <class name="com.ust.test.NewTest">
        <test-method is-config="true" signature="beforeTest()[pri:0, instance:com.ust.test.NewTest@4b14c583]" started-at="2023-03-30T16:29:05 IST" name="beforeTest" finished-at="2023-03-30T16:29:05 IST" duration-ms="14" status="PASS">
          <reporter-output>
          </reporter-output>
        </test-method> <!-- beforeTest -->
        <test-method signature="f()[pri:1, instance:com.ust.test.NewTest@4b14c583]" started-at="2023-03-30T16:29:05 IST" name="f" description="this is excecuted firt" finished-at="2023-03-30T16:29:05 IST" duration-ms="7" status="PASS">
          <reporter-output>
          </reporter-output>
        </test-method> <!-- f -->
        <test-method signature="a()[pri:2, instance:com.ust.test.NewTest@4b14c583]" started-at="2023-03-30T16:29:05 IST" name="a" description="this is excecuted second" finished-at="2023-03-30T16:29:05 IST" duration-ms="2" status="PASS">
          <reporter-output>
          </reporter-output>
        </test-method> <!-- a -->
        <test-method is-config="true" signature="afterTest()[pri:0, instance:com.ust.test.NewTest@4b14c583]" started-at="2023-03-30T16:29:05 IST" name="afterTest" finished-at="2023-03-30T16:29:05 IST" duration-ms="1" status="PASS">
          <reporter-output>
          </reporter-output>
        </test-method> <!-- afterTest -->
      </class> <!-- com.ust.test.NewTest -->
    </test> <!-- Default test -->
  </suite> <!-- Default suite -->
</testng-results>
